<?xml version="1.0" encoding="UTF-8"?>
<testsuite xmlns:xsi="http://www.w3.org/2001/XMLSchema-instance" xsi:noNamespaceSchemaLocation="https://maven.apache.org/surefire/maven-surefire-plugin/xsd/surefire-test-report.xsd" name="com.portfolio.wyche.AppTest" time="0.039" tests="1" errors="0" skipped="0" failures="0">
  <properties>
    <property name="java.specification.version" value="21"/>
    <property name="sun.jnu.encoding" value="UTF-8"/>
    <property name="java.class.path" value="/Users/bguegan/personal/wyche/miscellaneous/target/test-classes:/Users/bguegan/personal/wyche/miscellaneous/target/classes:/Users/bguegan/.m2/repository/com/h2database/h2/2.2.224/h2-2.2.224.jar:/Users/bguegan/.m2/repository/com/sparkjava/spark-core/2.9.4/spark-core-2.9.4.jar:/Users/bguegan/.m2/repository/org/slf4j/slf4j-api/1.7.25/slf4j-api-1.7.25.jar:/Users/bguegan/.m2/repository/org/eclipse/jetty/jetty-server/9.4.48.v20220622/jetty-server-9.4.48.v20220622.jar:/Users/bguegan/.m2/repository/javax/servlet/javax.servlet-api/3.1.0/javax.servlet-api-3.1.0.jar:/Users/bguegan/.m2/repository/org/eclipse/jetty/jetty-http/9.4.48.v20220622/jetty-http-9.4.48.v20220622.jar:/Users/bguegan/.m2/repository/org/eclipse/jetty/jetty-util/9.4.48.v20220622/jetty-util-9.4.48.v20220622.jar:/Users/bguegan/.m2/repository/org/eclipse/jetty/jetty-io/9.4.48.v20220622/jetty-io-9.4.48.v20220622.jar:/Users/bguegan/.m2/repository/org/eclipse/jetty/jetty-webapp/9.4.48.v20220622/jetty-webapp-9.4.48.v20220622.jar:/Users/bguegan/.m2/repository/org/eclipse/jetty/jetty-xml/9.4.48.v20220622/jetty-xml-9.4.48.v20220622.jar:/Users/bguegan/.m2/repository/org/eclipse/jetty/jetty-servlet/9.4.48.v20220622/jetty-servlet-9.4.48.v20220622.jar:/Users/bguegan/.m2/repository/org/eclipse/jetty/jetty-security/9.4.48.v20220622/jetty-security-9.4.48.v20220622.jar:/Users/bguegan/.m2/repository/org/eclipse/jetty/jetty-util-ajax/9.4.48.v20220622/jetty-util-ajax-9.4.48.v20220622.jar:/Users/bguegan/.m2/repository/org/eclipse/jetty/websocket/websocket-server/9.4.48.v20220622/websocket-server-9.4.48.v20220622.jar:/Users/bguegan/.m2/repository/org/eclipse/jetty/websocket/websocket-common/9.4.48.v20220622/websocket-common-9.4.48.v20220622.jar:/Users/bguegan/.m2/repository/org/eclipse/jetty/websocket/websocket-client/9.4.48.v20220622/websocket-client-9.4.48.v20220622.jar:/Users/bguegan/.m2/repository/org/eclipse/jetty/jetty-client/9.4.48.v20220622/jetty-client-9.4.48.v20220622.jar:/Users/bguegan/.m2/repository/org/eclipse/jetty/websocket/websocket-servlet/9.4.48.v20220622/websocket-servlet-9.4.48.v20220622.jar:/Users/bguegan/.m2/repository/org/eclipse/jetty/websocket/websocket-api/9.4.48.v20220622/websocket-api-9.4.48.v20220622.jar:/Users/bguegan/.m2/repository/org/json/json/20240303/json-20240303.jar:/Users/bguegan/.m2/repository/org/dalesbred/dalesbred/1.3.6/dalesbred-1.3.6.jar:/Users/bguegan/.m2/repository/org/jetbrains/kotlin/kotlin-stdlib/1.9.23/kotlin-stdlib-1.9.23.jar:/Users/bguegan/.m2/repository/org/jetbrains/annotations/13.0/annotations-13.0.jar:/Users/bguegan/.m2/repository/org/slf4j/slf4j-simple/2.1.0-alpha1/slf4j-simple-2.1.0-alpha1.jar:/Users/bguegan/.m2/repository/junit/junit/4.13.2/junit-4.13.2.jar:/Users/bguegan/.m2/repository/org/hamcrest/hamcrest-core/1.3/hamcrest-core-1.3.jar:"/>
    <property name="java.vm.vendor" value="Eclipse Adoptium"/>
    <property name="sun.arch.data.model" value="64"/>
    <property name="java.vendor.url" value="https://adoptium.net/"/>
    <property name="os.name" value="Mac OS X"/>
    <property name="java.vm.specification.version" value="21"/>
    <property name="sun.java.launcher" value="SUN_STANDARD"/>
    <property name="user.country" value="US"/>
    <property name="sun.boot.library.path" value="/Users/bguegan/.sdkman/candidates/java/21.0.3-tem/lib"/>
    <property name="sun.java.command" value="/Users/bguegan/personal/wyche/miscellaneous/target/surefire/surefirebooter4614786759435653886.jar /Users/bguegan/personal/wyche/miscellaneous/target/surefire 2024-05-18T19-13-00_508-jvmRun1 surefire12401111044453064118tmp surefire_012481974076469761427tmp"/>
    <property name="jdk.debug" value="release"/>
    <property name="surefire.test.class.path" value="/Users/bguegan/personal/wyche/miscellaneous/target/test-classes:/Users/bguegan/personal/wyche/miscellaneous/target/classes:/Users/bguegan/.m2/repository/com/h2database/h2/2.2.224/h2-2.2.224.jar:/Users/bguegan/.m2/repository/com/sparkjava/spark-core/2.9.4/spark-core-2.9.4.jar:/Users/bguegan/.m2/repository/org/slf4j/slf4j-api/1.7.25/slf4j-api-1.7.25.jar:/Users/bguegan/.m2/repository/org/eclipse/jetty/jetty-server/9.4.48.v20220622/jetty-server-9.4.48.v20220622.jar:/Users/bguegan/.m2/repository/javax/servlet/javax.servlet-api/3.1.0/javax.servlet-api-3.1.0.jar:/Users/bguegan/.m2/repository/org/eclipse/jetty/jetty-http/9.4.48.v20220622/jetty-http-9.4.48.v20220622.jar:/Users/bguegan/.m2/repository/org/eclipse/jetty/jetty-util/9.4.48.v20220622/jetty-util-9.4.48.v20220622.jar:/Users/bguegan/.m2/repository/org/eclipse/jetty/jetty-io/9.4.48.v20220622/jetty-io-9.4.48.v20220622.jar:/Users/bguegan/.m2/repository/org/eclipse/jetty/jetty-webapp/9.4.48.v20220622/jetty-webapp-9.4.48.v20220622.jar:/Users/bguegan/.m2/repository/org/eclipse/jetty/jetty-xml/9.4.48.v20220622/jetty-xml-9.4.48.v20220622.jar:/Users/bguegan/.m2/repository/org/eclipse/jetty/jetty-servlet/9.4.48.v20220622/jetty-servlet-9.4.48.v20220622.jar:/Users/bguegan/.m2/repository/org/eclipse/jetty/jetty-security/9.4.48.v20220622/jetty-security-9.4.48.v20220622.jar:/Users/bguegan/.m2/repository/org/eclipse/jetty/jetty-util-ajax/9.4.48.v20220622/jetty-util-ajax-9.4.48.v20220622.jar:/Users/bguegan/.m2/repository/org/eclipse/jetty/websocket/websocket-server/9.4.48.v20220622/websocket-server-9.4.48.v20220622.jar:/Users/bguegan/.m2/repository/org/eclipse/jetty/websocket/websocket-common/9.4.48.v20220622/websocket-common-9.4.48.v20220622.jar:/Users/bguegan/.m2/repository/org/eclipse/jetty/websocket/websocket-client/9.4.48.v20220622/websocket-client-9.4.48.v20220622.jar:/Users/bguegan/.m2/repository/org/eclipse/jetty/jetty-client/9.4.48.v20220622/jetty-client-9.4.48.v20220622.jar:/Users/bguegan/.m2/repository/org/eclipse/jetty/websocket/websocket-servlet/9.4.48.v20220622/websocket-servlet-9.4.48.v20220622.jar:/Users/bguegan/.m2/repository/org/eclipse/jetty/websocket/websocket-api/9.4.48.v20220622/websocket-api-9.4.48.v20220622.jar:/Users/bguegan/.m2/repository/org/json/json/20240303/json-20240303.jar:/Users/bguegan/.m2/repository/org/dalesbred/dalesbred/1.3.6/dalesbred-1.3.6.jar:/Users/bguegan/.m2/repository/org/jetbrains/kotlin/kotlin-stdlib/1.9.23/kotlin-stdlib-1.9.23.jar:/Users/bguegan/.m2/repository/org/jetbrains/annotations/13.0/annotations-13.0.jar:/Users/bguegan/.m2/repository/org/slf4j/slf4j-simple/2.1.0-alpha1/slf4j-simple-2.1.0-alpha1.jar:/Users/bguegan/.m2/repository/junit/junit/4.13.2/junit-4.13.2.jar:/Users/bguegan/.m2/repository/org/hamcrest/hamcrest-core/1.3/hamcrest-core-1.3.jar:"/>
    <property name="sun.cpu.endian" value="little"/>
    <property name="user.home" value="/Users/bguegan"/>
    <property name="user.language" value="en"/>
    <property name="java.specification.vendor" value="Oracle Corporation"/>
    <property name="java.version.date" value="2024-04-16"/>
    <property name="java.home" value="/Users/bguegan/.sdkman/candidates/java/21.0.3-tem"/>
    <property name="file.separator" value="/"/>
    <property name="basedir" value="/Users/bguegan/personal/wyche/miscellaneous"/>
    <property name="java.vm.compressedOopsMode" value="Zero based"/>
    <property name="line.separator" value="&#10;"/>
    <property name="java.specification.name" value="Java Platform API Specification"/>
    <property name="java.vm.specification.vendor" value="Oracle Corporation"/>
    <property name="apple.awt.application.name" value="ForkedBooter"/>
    <property name="surefire.real.class.path" value="/Users/bguegan/personal/wyche/miscellaneous/target/surefire/surefirebooter4614786759435653886.jar"/>
    <property name="sun.management.compiler" value="HotSpot 64-Bit Tiered Compilers"/>
    <property name="java.runtime.version" value="21.0.3+9-LTS"/>
    <property name="user.name" value="bguegan"/>
    <property name="stdout.encoding" value="UTF-8"/>
    <property name="path.separator" value=":"/>
    <property name="os.version" value="14.4.1"/>
    <property name="java.runtime.name" value="OpenJDK Runtime Environment"/>
    <property name="file.encoding" value="UTF-8"/>
    <property name="java.vm.name" value="OpenJDK 64-Bit Server VM"/>
    <property name="java.vendor.version" value="Temurin-21.0.3+9"/>
    <property name="localRepository" value="/Users/bguegan/.m2/repository"/>
    <property name="java.vendor.url.bug" value="https://github.com/adoptium/adoptium-support/issues"/>
    <property name="java.io.tmpdir" value="/var/folders/yp/wgp2xpgj3ylbfph4w83gg9h00000gn/T/"/>
    <property name="java.version" value="21.0.3"/>
    <property name="user.dir" value="/Users/bguegan/personal/wyche/miscellaneous"/>
    <property name="os.arch" value="x86_64"/>
    <property name="java.vm.specification.name" value="Java Virtual Machine Specification"/>
    <property name="native.encoding" value="UTF-8"/>
    <property name="java.library.path" value="/Users/bguegan/Library/Java/Extensions:/Library/Java/Extensions:/Network/Library/Java/Extensions:/System/Library/Java/Extensions:/usr/lib/java:."/>
    <property name="java.vm.info" value="mixed mode"/>
    <property name="stderr.encoding" value="UTF-8"/>
    <property name="java.vendor" value="Eclipse Adoptium"/>
    <property name="java.vm.version" value="21.0.3+9-LTS"/>
    <property name="sun.io.unicode.encoding" value="UnicodeBig"/>
    <property name="java.class.version" value="65.0"/>
  </properties>
  <testcase name="shouldAnswerWithTrue" classname="com.portfolio.wyche.AppTest" time="0.003"/>
</testsuite>